Exporter version: 2.93.5, Blender version: 3.0.1
========= Conversion from Blender to Babylon.js =========
	Scene settings used :
		Inline textures     :  false
		Material Type       :  PBR
		Positions Precision :  4
		Normals Precision   :  3
		UVs Precision       :  3
		Vert Color Precision:  3
		Mat Weight Precision:  2
		Keep Z-up r-handed  :  no
		Texture directory   :  C:\Users\adamt\Desktop\
	Python World class constructor completed
	processing begun of camera (UniversalCamera):  Camera
	processing begun of mesh:  Icosphere
		processing begun of material:  Material.001
		num positions      :  15353
		num normals        :  15353
		num tangents       :  0
		num uvs            :  30706
		num uvs2           :  0
		num colors         :  0
		num triangles      :  5120
	processing begun of light (POINT):  Light
========= Writing of JSON file started =========
	writing mesh:  Icosphere
========= Writing of JSON file completed =========
========= end of processing =========
elapsed time:  0 min, 0.3803 secs
